Analysis & Synthesis report for simon
Wed May 17 16:01:09 2017
Quartus II 64-Bit Version 13.0.1 Build 232 06/12/2013 Service Pack 1 SJ Web Edition


---------------------
; Table of Contents ;
---------------------
  1. Legal Notice
  2. Analysis & Synthesis Summary
  3. Analysis & Synthesis Settings
  4. Parallel Compilation
  5. Analysis & Synthesis Source Files Read
  6. Analysis & Synthesis Resource Usage Summary
  7. Analysis & Synthesis Resource Utilization by Entity
  8. Registers Removed During Synthesis
  9. General Register Statistics
 10. Multiplexer Restructuring Statistics (Restructuring Performed)
 11. Port Connectivity Checks: "vga:vga_inst"
 12. Port Connectivity Checks: "hex_disp_dec:hex_color"
 13. Port Connectivity Checks: "hex_disp_dec:hex_round"
 14. Port Connectivity Checks: "core:core_inst|counter:rand_color_count_inst"
 15. Port Connectivity Checks: "core:core_inst|counter:round_count_inst"
 16. Port Connectivity Checks: "core:core_inst|counter:player_round_count_inst"
 17. Port Connectivity Checks: "core:core_inst"
 18. Port Connectivity Checks: "hex_disp_dec:hex_inst1"
 19. Port Connectivity Checks: "hex_disp_dec:hex_inst0"
 20. Elapsed Time Per Partition
 21. Analysis & Synthesis Messages



----------------
; Legal Notice ;
----------------
Copyright (C) 1991-2013 Altera Corporation
Your use of Altera Corporation's design tools, logic functions 
and other software and tools, and its AMPP partner logic 
functions, and any output files from any of the foregoing 
(including device programming or simulation files), and any 
associated documentation or information are expressly subject 
to the terms and conditions of the Altera Program License 
Subscription Agreement, Altera MegaCore Function License 
Agreement, or other applicable license agreement, including, 
without limitation, that your use is for the sole purpose of 
programming logic devices manufactured by Altera and sold by 
Altera or its authorized distributors.  Please refer to the 
applicable agreement for further details.



+--------------------------------------------------------------------------------------+
; Analysis & Synthesis Summary                                                         ;
+------------------------------------+-------------------------------------------------+
; Analysis & Synthesis Status        ; Successful - Wed May 17 16:01:09 2017           ;
; Quartus II 64-Bit Version          ; 13.0.1 Build 232 06/12/2013 SP 1 SJ Web Edition ;
; Revision Name                      ; simon                                           ;
; Top-level Entity Name              ; simon                                           ;
; Family                             ; Cyclone II                                      ;
; Total logic elements               ; 1,889                                           ;
;     Total combinational functions  ; 1,365                                           ;
;     Dedicated logic registers      ; 699                                             ;
; Total registers                    ; 699                                             ;
; Total pins                         ; 46                                              ;
; Total virtual pins                 ; 0                                               ;
; Total memory bits                  ; 0                                               ;
; Embedded Multiplier 9-bit elements ; 0                                               ;
; Total PLLs                         ; 0                                               ;
+------------------------------------+-------------------------------------------------+


+----------------------------------------------------------------------------------------------------------------------+
; Analysis & Synthesis Settings                                                                                        ;
+----------------------------------------------------------------------------+--------------------+--------------------+
; Option                                                                     ; Setting            ; Default Value      ;
+----------------------------------------------------------------------------+--------------------+--------------------+
; Device                                                                     ; EP2C20F484C7       ;                    ;
; Top-level entity name                                                      ; simon              ; simon              ;
; Family name                                                                ; Cyclone II         ; Cyclone IV GX      ;
; Use smart compilation                                                      ; Off                ; Off                ;
; Enable parallel Assembler and TimeQuest Timing Analyzer during compilation ; On                 ; On                 ;
; Enable compact report table                                                ; Off                ; Off                ;
; Restructure Multiplexers                                                   ; Auto               ; Auto               ;
; Create Debugging Nodes for IP Cores                                        ; Off                ; Off                ;
; Preserve fewer node names                                                  ; On                 ; On                 ;
; Disable OpenCore Plus hardware evaluation                                  ; Off                ; Off                ;
; Verilog Version                                                            ; Verilog_2001       ; Verilog_2001       ;
; VHDL Version                                                               ; VHDL_1993          ; VHDL_1993          ;
; State Machine Processing                                                   ; Auto               ; Auto               ;
; Safe State Machine                                                         ; Off                ; Off                ;
; Extract Verilog State Machines                                             ; On                 ; On                 ;
; Extract VHDL State Machines                                                ; On                 ; On                 ;
; Ignore Verilog initial constructs                                          ; Off                ; Off                ;
; Iteration limit for constant Verilog loops                                 ; 5000               ; 5000               ;
; Iteration limit for non-constant Verilog loops                             ; 250                ; 250                ;
; Add Pass-Through Logic to Inferred RAMs                                    ; On                 ; On                 ;
; Infer RAMs from Raw Logic                                                  ; On                 ; On                 ;
; Parallel Synthesis                                                         ; On                 ; On                 ;
; DSP Block Balancing                                                        ; Auto               ; Auto               ;
; NOT Gate Push-Back                                                         ; On                 ; On                 ;
; Power-Up Don't Care                                                        ; On                 ; On                 ;
; Remove Redundant Logic Cells                                               ; Off                ; Off                ;
; Remove Duplicate Registers                                                 ; On                 ; On                 ;
; Ignore CARRY Buffers                                                       ; Off                ; Off                ;
; Ignore CASCADE Buffers                                                     ; Off                ; Off                ;
; Ignore GLOBAL Buffers                                                      ; Off                ; Off                ;
; Ignore ROW GLOBAL Buffers                                                  ; Off                ; Off                ;
; Ignore LCELL Buffers                                                       ; Off                ; Off                ;
; Ignore SOFT Buffers                                                        ; On                 ; On                 ;
; Limit AHDL Integers to 32 Bits                                             ; Off                ; Off                ;
; Optimization Technique                                                     ; Balanced           ; Balanced           ;
; Carry Chain Length                                                         ; 70                 ; 70                 ;
; Auto Carry Chains                                                          ; On                 ; On                 ;
; Auto Open-Drain Pins                                                       ; On                 ; On                 ;
; Perform WYSIWYG Primitive Resynthesis                                      ; Off                ; Off                ;
; Auto ROM Replacement                                                       ; On                 ; On                 ;
; Auto RAM Replacement                                                       ; On                 ; On                 ;
; Auto Shift Register Replacement                                            ; Auto               ; Auto               ;
; Allow Shift Register Merging across Hierarchies                            ; Auto               ; Auto               ;
; Auto Clock Enable Replacement                                              ; On                 ; On                 ;
; Strict RAM Replacement                                                     ; Off                ; Off                ;
; Allow Synchronous Control Signals                                          ; On                 ; On                 ;
; Force Use of Synchronous Clear Signals                                     ; Off                ; Off                ;
; Auto RAM to Logic Cell Conversion                                          ; Off                ; Off                ;
; Auto Resource Sharing                                                      ; Off                ; Off                ;
; Allow Any RAM Size For Recognition                                         ; Off                ; Off                ;
; Allow Any ROM Size For Recognition                                         ; Off                ; Off                ;
; Allow Any Shift Register Size For Recognition                              ; Off                ; Off                ;
; Use LogicLock Constraints during Resource Balancing                        ; On                 ; On                 ;
; Ignore translate_off and synthesis_off directives                          ; Off                ; Off                ;
; Timing-Driven Synthesis                                                    ; Off                ; Off                ;
; Report Parameter Settings                                                  ; On                 ; On                 ;
; Report Source Assignments                                                  ; On                 ; On                 ;
; Report Connectivity Checks                                                 ; On                 ; On                 ;
; Ignore Maximum Fan-Out Assignments                                         ; Off                ; Off                ;
; Synchronization Register Chain Length                                      ; 2                  ; 2                  ;
; PowerPlay Power Optimization                                               ; Normal compilation ; Normal compilation ;
; HDL message level                                                          ; Level2             ; Level2             ;
; Suppress Register Optimization Related Messages                            ; Off                ; Off                ;
; Number of Removed Registers Reported in Synthesis Report                   ; 5000               ; 5000               ;
; Number of Swept Nodes Reported in Synthesis Report                         ; 5000               ; 5000               ;
; Number of Inverted Registers Reported in Synthesis Report                  ; 100                ; 100                ;
; Clock MUX Protection                                                       ; On                 ; On                 ;
; Auto Gated Clock Conversion                                                ; Off                ; Off                ;
; Block Design Naming                                                        ; Auto               ; Auto               ;
; SDC constraint protection                                                  ; Off                ; Off                ;
; Synthesis Effort                                                           ; Auto               ; Auto               ;
; Shift Register Replacement - Allow Asynchronous Clear Signal               ; On                 ; On                 ;
; Pre-Mapping Resynthesis Optimization                                       ; Off                ; Off                ;
; Analysis & Synthesis Message Level                                         ; Medium             ; Medium             ;
; Disable Register Merging Across Hierarchies                                ; Auto               ; Auto               ;
; Resource Aware Inference For Block RAM                                     ; On                 ; On                 ;
; Synthesis Seed                                                             ; 1                  ; 1                  ;
+----------------------------------------------------------------------------+--------------------+--------------------+


Parallel compilation was disabled, but you have multiple processors available. Enable parallel compilation to reduce compilation time.
+-------------------------------------+
; Parallel Compilation                ;
+----------------------------+--------+
; Processors                 ; Number ;
+----------------------------+--------+
; Number detected on machine ; 4      ;
; Maximum allowed            ; 1      ;
+----------------------------+--------+


+---------------------------------------------------------------------------------------------------------------------------------------------+
; Analysis & Synthesis Source Files Read                                                                                                      ;
+----------------------------------+-----------------+------------------------------+-----------------------------------------------+---------+
; File Name with User-Entered Path ; Used in Netlist ; File Type                    ; File Name with Absolute Path                  ; Library ;
+----------------------------------+-----------------+------------------------------+-----------------------------------------------+---------+
; ../vga.sv                        ; yes             ; User SystemVerilog HDL File  ; C:/Users/Chris/Desktop/3o erg/vga.sv          ;         ;
; ../simon.sv                      ; yes             ; User SystemVerilog HDL File  ; C:/Users/Chris/Desktop/3o erg/simon.sv        ;         ;
; ../ps2.sv                        ; yes             ; User SystemVerilog HDL File  ; C:/Users/Chris/Desktop/3o erg/ps2.sv          ;         ;
; ../hex_disp_dec.sv               ; yes             ; User SystemVerilog HDL File  ; C:/Users/Chris/Desktop/3o erg/hex_disp_dec.sv ;         ;
; ../counter.sv                    ; yes             ; User SystemVerilog HDL File  ; C:/Users/Chris/Desktop/3o erg/counter.sv      ;         ;
; ../core.sv                       ; yes             ; User SystemVerilog HDL File  ; C:/Users/Chris/Desktop/3o erg/core.sv         ;         ;
+----------------------------------+-----------------+------------------------------+-----------------------------------------------+---------+


+-----------------------------------------------------+
; Analysis & Synthesis Resource Usage Summary         ;
+---------------------------------------------+-------+
; Resource                                    ; Usage ;
+---------------------------------------------+-------+
; Estimated Total logic elements              ; 1,889 ;
;                                             ;       ;
; Total combinational functions               ; 1365  ;
; Logic element usage by number of LUT inputs ;       ;
;     -- 4 input functions                    ; 1088  ;
;     -- 3 input functions                    ; 59    ;
;     -- <=2 input functions                  ; 218   ;
;                                             ;       ;
; Logic elements by mode                      ;       ;
;     -- normal mode                          ; 1201  ;
;     -- arithmetic mode                      ; 164   ;
;                                             ;       ;
; Total registers                             ; 699   ;
;     -- Dedicated logic registers            ; 699   ;
;     -- I/O registers                        ; 0     ;
;                                             ;       ;
; I/O pins                                    ; 46    ;
; Embedded Multiplier 9-bit elements          ; 0     ;
; Maximum fan-out node                        ; clk   ;
; Maximum fan-out                             ; 699   ;
; Total fan-out                               ; 7241  ;
; Average fan-out                             ; 3.43  ;
+---------------------------------------------+-------+


+------------------------------------------------------------------------------------------------------------------------------------------------------------------------------------------------------------------------------------+
; Analysis & Synthesis Resource Utilization by Entity                                                                                                                                                                                ;
+---------------------------------------------+-------------------+--------------+-------------+--------------+---------+-----------+------+--------------+-----------------------------------------------------------+--------------+
; Compilation Hierarchy Node                  ; LC Combinationals ; LC Registers ; Memory Bits ; DSP Elements ; DSP 9x9 ; DSP 18x18 ; Pins ; Virtual Pins ; Full Hierarchy Name                                       ; Library Name ;
+---------------------------------------------+-------------------+--------------+-------------+--------------+---------+-----------+------+--------------+-----------------------------------------------------------+--------------+
; |simon                                      ; 1365 (6)          ; 699 (0)      ; 0           ; 0            ; 0       ; 0         ; 46   ; 0            ; |simon                                                    ; work         ;
;    |core:core_inst|                         ; 1206 (1058)       ; 621 (507)    ; 0           ; 0            ; 0       ; 0         ; 0    ; 0            ; |simon|core:core_inst                                     ; work         ;
;       |counter:player_round_count_inst|     ; 8 (8)             ; 8 (8)        ; 0           ; 0            ; 0       ; 0         ; 0    ; 0            ; |simon|core:core_inst|counter:player_round_count_inst     ; work         ;
;       |counter:rand_color_count_inst|       ; 2 (2)             ; 2 (2)        ; 0           ; 0            ; 0       ; 0         ; 0    ; 0            ; |simon|core:core_inst|counter:rand_color_count_inst       ; work         ;
;       |counter:round_count_inst|            ; 8 (8)             ; 8 (8)        ; 0           ; 0            ; 0       ; 0         ; 0    ; 0            ; |simon|core:core_inst|counter:round_count_inst            ; work         ;
;       |counter:seq_count_inst|              ; 32 (32)           ; 32 (32)      ; 0           ; 0            ; 0       ; 0         ; 0    ; 0            ; |simon|core:core_inst|counter:seq_count_inst              ; work         ;
;       |counter:time_count_color_blink_inst| ; 32 (32)           ; 32 (32)      ; 0           ; 0            ; 0       ; 0         ; 0    ; 0            ; |simon|core:core_inst|counter:time_count_color_blink_inst ; work         ;
;       |counter:time_count_inst|             ; 66 (66)           ; 32 (32)      ; 0           ; 0            ; 0       ; 0         ; 0    ; 0            ; |simon|core:core_inst|counter:time_count_inst             ; work         ;
;    |hex_disp_dec:hex_color|                 ; 5 (5)             ; 0 (0)        ; 0           ; 0            ; 0       ; 0         ; 0    ; 0            ; |simon|hex_disp_dec:hex_color                             ; work         ;
;    |hex_disp_dec:hex_inst0|                 ; 7 (7)             ; 0 (0)        ; 0           ; 0            ; 0       ; 0         ; 0    ; 0            ; |simon|hex_disp_dec:hex_inst0                             ; work         ;
;    |hex_disp_dec:hex_inst1|                 ; 7 (7)             ; 0 (0)        ; 0           ; 0            ; 0       ; 0         ; 0    ; 0            ; |simon|hex_disp_dec:hex_inst1                             ; work         ;
;    |hex_disp_dec:hex_round|                 ; 7 (7)             ; 0 (0)        ; 0           ; 0            ; 0       ; 0         ; 0    ; 0            ; |simon|hex_disp_dec:hex_round                             ; work         ;
;    |ps2:ps2_inst|                           ; 82 (16)           ; 57 (25)      ; 0           ; 0            ; 0       ; 0         ; 0    ; 0            ; |simon|ps2:ps2_inst                                       ; work         ;
;       |counter:count|                       ; 66 (66)           ; 32 (32)      ; 0           ; 0            ; 0       ; 0         ; 0    ; 0            ; |simon|ps2:ps2_inst|counter:count                         ; work         ;
;    |vga:vga_inst|                           ; 45 (45)           ; 21 (21)      ; 0           ; 0            ; 0       ; 0         ; 0    ; 0            ; |simon|vga:vga_inst                                       ; work         ;
+---------------------------------------------+-------------------+--------------+-------------+--------------+---------+-----------+------+--------------+-----------------------------------------------------------+--------------+
Note: For table entries with two numbers listed, the numbers in parentheses indicate the number of resources of the given type used by the specific entity alone. The numbers listed outside of parentheses indicate the total resources of the given type used by the specific entity and all of its sub-entities in the hierarchy.


+--------------------------------------------------------------------------------------------------------+
; Registers Removed During Synthesis                                                                     ;
+---------------------------------------------------------------+----------------------------------------+
; Register name                                                 ; Reason for Removal                     ;
+---------------------------------------------------------------+----------------------------------------+
; core:core_inst|state[2..9,11..31]                             ; Merged with core:core_inst|state[10]   ;
; core:core_inst|state[10]                                      ; Stuck at GND due to stuck port data_in ;
; core:core_inst|counter:round_count_inst|cnt_val[8..31]        ; Lost fanout                            ;
; core:core_inst|counter:player_round_count_inst|cnt_val[8..31] ; Lost fanout                            ;
; core:core_inst|counter:rand_color_count_inst|cnt_val[2..31]   ; Lost fanout                            ;
; Total Number of Removed Registers = 108                       ;                                        ;
+---------------------------------------------------------------+----------------------------------------+


+------------------------------------------------------+
; General Register Statistics                          ;
+----------------------------------------------+-------+
; Statistic                                    ; Value ;
+----------------------------------------------+-------+
; Total registers                              ; 699   ;
; Number of registers using Synchronous Clear  ; 100   ;
; Number of registers using Synchronous Load   ; 0     ;
; Number of registers using Asynchronous Clear ; 156   ;
; Number of registers using Asynchronous Load  ; 0     ;
; Number of registers using Clock Enable       ; 592   ;
; Number of registers using Preset             ; 0     ;
+----------------------------------------------+-------+


+--------------------------------------------------------------------------------------------------------------------------------------------------------------------------------+
; Multiplexer Restructuring Statistics (Restructuring Performed)                                                                                                                 ;
+--------------------+-----------+---------------+----------------------+------------------------+------------+------------------------------------------------------------------+
; Multiplexer Inputs ; Bus Width ; Baseline Area ; Area if Restructured ; Saving if Restructured ; Registered ; Example Multiplexer Output                                       ;
+--------------------+-----------+---------------+----------------------+------------------------+------------+------------------------------------------------------------------+
; 3:1                ; 32 bits   ; 64 LEs        ; 32 LEs               ; 32 LEs                 ; Yes        ; |simon|core:core_inst|counter:time_count_inst|cnt_val[28]        ;
; 3:1                ; 32 bits   ; 64 LEs        ; 32 LEs               ; 32 LEs                 ; Yes        ; |simon|core:core_inst|counter:round_count_inst|cnt_val[19]       ;
; 3:1                ; 32 bits   ; 64 LEs        ; 32 LEs               ; 32 LEs                 ; Yes        ; |simon|core:core_inst|counter:seq_count_inst|cnt_val[26]         ;
; 3:1                ; 32 bits   ; 64 LEs        ; 32 LEs               ; 32 LEs                 ; Yes        ; |simon|core:core_inst|counter:player_round_count_inst|cnt_val[3] ;
; 3:1                ; 32 bits   ; 64 LEs        ; 32 LEs               ; 32 LEs                 ; Yes        ; |simon|ps2:ps2_inst|counter:count|cnt_val[8]                     ;
; 4:1                ; 10 bits   ; 20 LEs        ; 10 LEs               ; 10 LEs                 ; Yes        ; |simon|vga:vga_inst|x[2]                                         ;
; 5:1                ; 10 bits   ; 30 LEs        ; 10 LEs               ; 20 LEs                 ; Yes        ; |simon|vga:vga_inst|y[8]                                         ;
; 8:1                ; 3 bits    ; 15 LEs        ; 9 LEs                ; 6 LEs                  ; Yes        ; |simon|core:core_inst|state[10]                                  ;
; 256:1              ; 2 bits    ; 340 LEs       ; 334 LEs              ; 6 LEs                  ; No         ; |simon|core:core_inst|Mux1                                       ;
; 513:1              ; 2 bits    ; 684 LEs       ; 336 LEs              ; 348 LEs                ; No         ; |simon|core:core_inst|color[0]                                   ;
+--------------------+-----------+---------------+----------------------+------------------------+------------+------------------------------------------------------------------+


+-------------------------------------------------------------------------------------------------------------------------------------------------------------------------------------------------------------+
; Port Connectivity Checks: "vga:vga_inst"                                                                                                                                                                    ;
+-------+-------+----------+----------------------------------------------------------------------------------------------------------------------------------------------------------------------------------+
; Port  ; Type  ; Severity ; Details                                                                                                                                                                          ;
+-------+-------+----------+----------------------------------------------------------------------------------------------------------------------------------------------------------------------------------+
; color ; Input ; Warning  ; Input port expression (2 bits) is wider than the input port (1 bits) it drives.  The 1 most-significant bit(s) in the expression will be dangling if they have no other fanouts. ;
+-------+-------+----------+----------------------------------------------------------------------------------------------------------------------------------------------------------------------------------+


+----------------------------------------------------+
; Port Connectivity Checks: "hex_disp_dec:hex_color" ;
+--------------+-------+----------+------------------+
; Port         ; Type  ; Severity ; Details          ;
+--------------+-------+----------+------------------+
; hex_in[3..2] ; Input ; Info     ; Stuck at GND     ;
+--------------+-------+----------+------------------+


+----------------------------------------------------+
; Port Connectivity Checks: "hex_disp_dec:hex_round" ;
+------+-------+----------+--------------------------+
; Port ; Type  ; Severity ; Details                  ;
+------+-------+----------+--------------------------+
; en   ; Input ; Info     ; Stuck at VCC             ;
+------+-------+----------+--------------------------+


+--------------------------------------------------------------------------------------------------------------------------+
; Port Connectivity Checks: "core:core_inst|counter:rand_color_count_inst"                                                 ;
+----------------+--------+----------+-------------------------------------------------------------------------------------+
; Port           ; Type   ; Severity ; Details                                                                             ;
+----------------+--------+----------+-------------------------------------------------------------------------------------+
; en             ; Input  ; Info     ; Stuck at VCC                                                                        ;
; rst_sync       ; Input  ; Info     ; Stuck at GND                                                                        ;
; cnt_val[31..2] ; Output ; Info     ; Connected to dangling logic. Logic that only feeds a dangling port will be removed. ;
+----------------+--------+----------+-------------------------------------------------------------------------------------+


+------------------------------------------------------------------------------------------------------------------------------------------------------------+
; Port Connectivity Checks: "core:core_inst|counter:round_count_inst"                                                                                        ;
+---------+--------+----------+------------------------------------------------------------------------------------------------------------------------------+
; Port    ; Type   ; Severity ; Details                                                                                                                      ;
+---------+--------+----------+------------------------------------------------------------------------------------------------------------------------------+
; cnt_val ; Output ; Warning  ; Output or bidir port (32 bits) is wider than the port expression (8 bits) it drives; bit(s) "cnt_val[31..8]" have no fanouts ;
+---------+--------+----------+------------------------------------------------------------------------------------------------------------------------------+


+------------------------------------------------------------------------------------------------------------------------------------------------------------+
; Port Connectivity Checks: "core:core_inst|counter:player_round_count_inst"                                                                                 ;
+---------+--------+----------+------------------------------------------------------------------------------------------------------------------------------+
; Port    ; Type   ; Severity ; Details                                                                                                                      ;
+---------+--------+----------+------------------------------------------------------------------------------------------------------------------------------+
; cnt_val ; Output ; Warning  ; Output or bidir port (32 bits) is wider than the port expression (8 bits) it drives; bit(s) "cnt_val[31..8]" have no fanouts ;
+---------+--------+----------+------------------------------------------------------------------------------------------------------------------------------+


+-----------------------------------------------------------------------------------------------------------------------+
; Port Connectivity Checks: "core:core_inst"                                                                            ;
+-------------+--------+----------+-------------------------------------------------------------------------------------+
; Port        ; Type   ; Severity ; Details                                                                             ;
+-------------+--------+----------+-------------------------------------------------------------------------------------+
; round[7..4] ; Output ; Info     ; Connected to dangling logic. Logic that only feeds a dangling port will be removed. ;
+-------------+--------+----------+-------------------------------------------------------------------------------------+


+----------------------------------------------------+
; Port Connectivity Checks: "hex_disp_dec:hex_inst1" ;
+------+-------+----------+--------------------------+
; Port ; Type  ; Severity ; Details                  ;
+------+-------+----------+--------------------------+
; en   ; Input ; Info     ; Stuck at VCC             ;
+------+-------+----------+--------------------------+


+----------------------------------------------------+
; Port Connectivity Checks: "hex_disp_dec:hex_inst0" ;
+------+-------+----------+--------------------------+
; Port ; Type  ; Severity ; Details                  ;
+------+-------+----------+--------------------------+
; en   ; Input ; Info     ; Stuck at VCC             ;
+------+-------+----------+--------------------------+


+-------------------------------+
; Elapsed Time Per Partition    ;
+----------------+--------------+
; Partition Name ; Elapsed Time ;
+----------------+--------------+
; Top            ; 00:00:05     ;
+----------------+--------------+


+-------------------------------+
; Analysis & Synthesis Messages ;
+-------------------------------+
Info: *******************************************************************
Info: Running Quartus II 64-Bit Analysis & Synthesis
    Info: Version 13.0.1 Build 232 06/12/2013 Service Pack 1 SJ Web Edition
    Info: Processing started: Wed May 17 16:01:00 2017
Info: Command: quartus_map --read_settings_files=on --write_settings_files=off simon -c simon
Warning (20028): Parallel compilation is not licensed and has been disabled
Info (12021): Found 1 design units, including 1 entities, in source file /users/chris/desktop/3o erg/vga.sv
    Info (12023): Found entity 1: vga
Info (12021): Found 1 design units, including 1 entities, in source file /users/chris/desktop/3o erg/simon.sv
    Info (12023): Found entity 1: simon
Info (12021): Found 1 design units, including 1 entities, in source file /users/chris/desktop/3o erg/ps2.sv
    Info (12023): Found entity 1: ps2
Info (12021): Found 1 design units, including 1 entities, in source file /users/chris/desktop/3o erg/hex_disp_dec.sv
    Info (12023): Found entity 1: hex_disp_dec
Info (12021): Found 1 design units, including 1 entities, in source file /users/chris/desktop/3o erg/counter.sv
    Info (12023): Found entity 1: counter
Info (12021): Found 1 design units, including 1 entities, in source file /users/chris/desktop/3o erg/core.sv
    Info (12023): Found entity 1: core
Info (12127): Elaborating entity "simon" for the top level hierarchy
Info (12128): Elaborating entity "ps2" for hierarchy "ps2:ps2_inst"
Warning (10230): Verilog HDL assignment warning at ps2.sv(53): truncated value with size 32 to match size of target (2)
Info (12128): Elaborating entity "counter" for hierarchy "ps2:ps2_inst|counter:count"
Info (12128): Elaborating entity "hex_disp_dec" for hierarchy "hex_disp_dec:hex_inst0"
Info (12128): Elaborating entity "core" for hierarchy "core:core_inst"
Info (12128): Elaborating entity "vga" for hierarchy "vga:vga_inst"
Warning (10230): Verilog HDL assignment warning at vga.sv(37): truncated value with size 32 to match size of target (10)
Warning (10230): Verilog HDL assignment warning at vga.sv(50): truncated value with size 32 to match size of target (10)
Warning (12241): 3 hierarchies have connectivity warnings - see the Connectivity Checks report folder
Info (17049): 78 registers lost all their fanouts during netlist optimizations.
Info (16010): Generating hard_block partition "hard_block:auto_generated_inst"
    Info (16011): Adding 0 node(s), including 0 DDIO, 0 PLL, 0 transceiver and 0 LCELL
Info (21057): Implemented 1936 device resources after synthesis - the final resource count might be different
    Info (21058): Implemented 4 input pins
    Info (21059): Implemented 42 output pins
    Info (21061): Implemented 1890 logic cells
Info: Quartus II 64-Bit Analysis & Synthesis was successful. 0 errors, 5 warnings
    Info: Peak virtual memory: 488 megabytes
    Info: Processing ended: Wed May 17 16:01:09 2017
    Info: Elapsed time: 00:00:09
    Info: Total CPU time (on all processors): 00:00:08


